<?xml version="1.0" encoding="UTF-8"?>
<robot generator="Robot 7.0 (Python 3.11.3 on darwin)" generated="2024-02-17T20:11:07.427997" rpa="false" schemaversion="5">
<suite id="s1" name="EtlVallidation" source="/Users/karthiknarayan/Documents/python/Robotframework/Tests/EtlVallidation.robot">
<test id="s1-t1" name="Run pipeline and get back the result" line="14">
<kw name="Pipeline name" owner="EtlValidationTestSteps">
<msg time="2024-02-17T20:11:07.480256" level="INFO">pl_test_wait</msg>
<arg>pl_test_wait</arg>
<status status="PASS" start="2024-02-17T20:11:07.477731" elapsed="0.002564"/>
</kw>
<kw name="Add Parameters For Duplicate Record Validation In ADLS" owner="EtlValidationTestSteps">
<msg time="2024-02-17T20:11:07.480615" level="INFO">{}</msg>
<status status="PASS" start="2024-02-17T20:11:07.480546" elapsed="0.000098"/>
</kw>
<kw name="Get Bearer Token" owner="EtlValidationTestSteps">
<msg time="2024-02-17T20:11:08.119545" level="INFO">bearerToken:eyJ0eXAiOiJKV1QiLCJhbGciOiJSUzI1NiIsIng1dCI6ImtXYmthYTZxczh3c1RuQndpaU5ZT2hIYm5BdyIsImtpZCI6ImtXYmthYTZxczh3c1RuQndpaU5ZT2hIYm5BdyJ9.eyJhdWQiOiJodHRwczovL21hbmFnZW1lbnQuY29yZS53aW5kb3dzLm5ldC8iLCJpc3MiOiJodHRwczovL3N0cy53aW5kb3dzLm5ldC8yMTE1OWUzZi1kMzUzLTQxM2UtYWUyYS0xMzI3NDJkNDM3NDAvIiwiaWF0IjoxNzA4MjE4MzY4LCJuYmYiOjE3MDgyMTgzNjgsImV4cCI6MTcwODIyMjI2OCwiYWlvIjoiRTJOZ1lQaDVwME9sMFA4alE0Q0N2NGxKRVA4S0FBPT0iLCJhcHBpZCI6ImNmYTA0OGYxLTMxOTktNDE4My04OGVjLTIyYzM5ZjA4NjliMSIsImFwcGlkYWNyIjoiMSIsImlkcCI6Imh0dHBzOi8vc3RzLndpbmRvd3MubmV0LzIxMTU5ZTNmLWQzNTMtNDEzZS1hZTJhLTEzMjc0MmQ0Mzc0MC8iLCJpZHR5cCI6ImFwcCIsIm9pZCI6IjZmNTU5MWY1LTYwYWUtNGI1Yy1hYTQzLTM3NDBmYmU4ZmVhMCIsInJoIjoiMC5BWFlBUDU0VklWUFRQa0d1S2hNblF0UTNRRVpJZjNrQXV0ZFB1a1Bhd2ZqMk1CT1pBQUEuIiwic3ViIjoiNmY1NTkxZjUtNjBhZS00YjVjLWFhNDMtMzc0MGZiZThmZWEwIiwidGlkIjoiMjExNTllM2YtZDM1My00MTNlLWFlMmEtMTMyNzQyZDQzNzQwIiwidXRpIjoiYUxoclVRclcwRTZDbi1mOHV3OU1BQSIsInZlciI6IjEuMCIsInhtc19jYWUiOiIxIiwieG1zX3RjZHQiOjE2NTYzNDM2MjZ9.oE2L-nTgf-fZXqIeIVI7GMYcnPRGE3-iKEyDCVEyEwBQfbI9fhFHcEwLtfiTXfZXRFOtbPYkQaApb4CSBdzx1EsxgE8VK2p9GOXxXHEIPSX_DmwYv2g1YQgIwAC-6VijTI5U6UxXm17Do5CMEq2ZYrNeR6TeyJ4NZRZA6uw1QUIWXhClkFjG0bvhyaWyzpDQhj3FpWYeHpsqXOZij7LxboJFdqVE2sUusvNuVQ3tFVHgxA4Yr_Vt-wdHHdMYTkYMgC_njIiOMssS_KTr43KqG9XEiQVT1KeJSBD6LAVgcXEEJmwJPdSFhKxHID33jOwpz92Ap8uexprwfiQoIragqg
Token: eyJ0eXAiOiJKV1QiLCJhbGciOiJSUzI1NiIsIng1dCI6ImtXYmthYTZxczh3c1RuQndpaU5ZT2hIYm5BdyIsImtpZCI6ImtXYmthYTZxczh3c1RuQndpaU5ZT2hIYm5BdyJ9.eyJhdWQiOiJodHRwczovL21hbmFnZW1lbnQuY29yZS53aW5kb3dzLm5ldC8iLCJpc3MiOiJodHRwczovL3N0cy53aW5kb3dzLm5ldC8yMTE1OWUzZi1kMzUzLTQxM2UtYWUyYS0xMzI3NDJkNDM3NDAvIiwiaWF0IjoxNzA4MjE4MzY4LCJuYmYiOjE3MDgyMTgzNjgsImV4cCI6MTcwODIyMjI2OCwiYWlvIjoiRTJOZ1lQaDVwME9sMFA4alE0Q0N2NGxKRVA4S0FBPT0iLCJhcHBpZCI6ImNmYTA0OGYxLTMxOTktNDE4My04OGVjLTIyYzM5ZjA4NjliMSIsImFwcGlkYWNyIjoiMSIsImlkcCI6Imh0dHBzOi8vc3RzLndpbmRvd3MubmV0LzIxMTU5ZTNmLWQzNTMtNDEzZS1hZTJhLTEzMjc0MmQ0Mzc0MC8iLCJpZHR5cCI6ImFwcCIsIm9pZCI6IjZmNTU5MWY1LTYwYWUtNGI1Yy1hYTQzLTM3NDBmYmU4ZmVhMCIsInJoIjoiMC5BWFlBUDU0VklWUFRQa0d1S2hNblF0UTNRRVpJZjNrQXV0ZFB1a1Bhd2ZqMk1CT1pBQUEuIiwic3ViIjoiNmY1NTkxZjUtNjBhZS00YjVjLWFhNDMtMzc0MGZiZThmZWEwIiwidGlkIjoiMjExNTllM2YtZDM1My00MTNlLWFlMmEtMTMyNzQyZDQzNzQwIiwidXRpIjoiYUxoclVRclcwRTZDbi1mOHV3OU1BQSIsInZlciI6IjEuMCIsInhtc19jYWUiOiIxIiwieG1zX3RjZHQiOjE2NTYzNDM2MjZ9.oE2L-nTgf-fZXqIeIVI7GMYcnPRGE3-iKEyDCVEyEwBQfbI9fhFHcEwLtfiTXfZXRFOtbPYkQaApb4CSBdzx1EsxgE8VK2p9GOXxXHEIPSX_DmwYv2g1YQgIwAC-6VijTI5U6UxXm17Do5CMEq2ZYrNeR6TeyJ4NZRZA6uw1QUIWXhClkFjG0bvhyaWyzpDQhj3FpWYeHpsqXOZij7LxboJFdqVE2sUusvNuVQ3tFVHgxA4Yr_Vt-wdHHdMYTkYMgC_njIiOMssS_KTr43KqG9XEiQVT1KeJSBD6LAVgcXEEJmwJPdSFhKxHID33jOwpz92Ap8uexprwfiQoIragqg</msg>
<status status="PASS" start="2024-02-17T20:11:07.480713" elapsed="0.639159"/>
</kw>
<kw name="Trigger Specific Pipeline" owner="EtlValidationTestSteps">
<msg time="2024-02-17T20:11:19.870245" level="INFO">triggerPipelinePostUrl: https://management.azure.com/subscriptions/7a7b245b-aa14-4df6-95ce-658835762b6a/resourceGroups/kar_etl_test_project/providers/Microsoft.DataFactory/factories/karadfdev/pipelines/pl_test_wait/createRun?api-version=2018-06-01
Run Id: 1fe0a915-47c0-4eb0-ae0a-15c31a606a60
pl_test_wait ADF Pipeline executed Conpletely</msg>
<status status="PASS" start="2024-02-17T20:11:08.120427" elapsed="11.749944"/>
</kw>
<kw name="Get Activity Output" owner="EtlValidationTestSteps">
<msg time="2024-02-17T20:11:20.141761" level="INFO">activityPostUrl:https://management.azure.com/subscriptions/7a7b245b-aa14-4df6-95ce-658835762b6a/resourceGroups/kar_etl_test_project/providers/Microsoft.DataFactory/factories/karadfdev/pipelineruns/1fe0a915-47c0-4eb0-ae0a-15c31a606a60/queryActivityruns?api-version=2018-06-01
activityResponse:  {'value': [{'activityRunEnd': '2024-02-18T01:11:12.1136992Z', 'activityName': 'wait 2 sec', 'activityRunStart': '2024-02-18T01:11:09.4853651Z', 'activityType': 'Wait', 'durationInMs': 2628, 'retryAttempt': None, 'error': {'errorCode': '', 'message': '', 'failureType': '', 'target': 'wait 2 sec', 'details': ''}, 'activityRunId': 'f8f87cc7-6485-4fd8-9622-39b11431a867', 'iterationHash': '', 'input': {'waitTimeInSeconds': 2}, 'linkedServiceName': '', 'output': {}, 'userProperties': {}, 'pipelineName': 'pl_test_wait', 'pipelineRunId': '1fe0a915-47c0-4eb0-ae0a-15c31a606a60', 'status': 'Succeeded', 'recoveryStatus': 'None', 'integrationRuntimeNames': None, 'executionDetails': None, 'id': '/SUBSCRIPTIONS/7A7B245B-AA14-4DF6-95CE-658835762B6A/RESOURCEGROUPS/KAR_ETL_TEST_PROJECT/PROVIDERS/MICROSOFT.DATAFACTORY/FACTORIES/KARADFDEV/pipelineruns/1fe0a915-47c0-4eb0-ae0a-15c31a606a60/activityruns/f8f87cc7-6485-4fd8-9622-39b11431a867'}, {'activityRunEnd': '2024-02-18T01:11:12.6431356Z', 'activityName': 'set test variable', 'activityRunStart': '2024-02-18T01:11:12.4487105Z', 'activityType': 'SetVariable', 'durationInMs': 194, 'retryAttempt': None, 'error': {'errorCode': '', 'message': '', 'failureType': '', 'target': 'set test variable', 'details': ''}, 'activityRunId': '5043fd02-33e5-44c0-9623-2e9b09f48955', 'iterationHash': '', 'input': {'variableName': 'test_var', 'value': 'test value'}, 'linkedServiceName': '', 'output': {'name': 'test_var', 'value': 'test value'}, 'userProperties': {}, 'pipelineName': 'pl_test_wait', 'pipelineRunId': '1fe0a915-47c0-4eb0-ae0a-15c31a606a60', 'status': 'Succeeded', 'recoveryStatus': 'None', 'integrationRuntimeNames': None, 'executionDetails': None, 'id': '/SUBSCRIPTIONS/7A7B245B-AA14-4DF6-95CE-658835762B6A/RESOURCEGROUPS/KAR_ETL_TEST_PROJECT/PROVIDERS/MICROSOFT.DATAFACTORY/FACTORIES/KARADFDEV/pipelineruns/1fe0a915-47c0-4eb0-ae0a-15c31a606a60/activityruns/5043fd02-33e5-44c0-9623-2e9b09f48955'}]}
ResponseOutput:  {'name': 'test_var', 'value': 'test value'}
Get Activity Output has failed</msg>
<arg>set test variable</arg>
<status status="PASS" start="2024-02-17T20:11:19.870638" elapsed="0.271401"/>
</kw>
<status status="PASS" start="2024-02-17T20:11:07.477372" elapsed="12.665142"/>
</test>
<doc>This is a Test Suite to run all the CDIC tables one after the other</doc>
<status status="PASS" start="2024-02-17T20:11:07.429132" elapsed="12.714139"/>
</suite>
<statistics>
<total>
<stat pass="1" fail="0" skip="0">All Tests</stat>
</total>
<tag>
</tag>
<suite>
<stat pass="1" fail="0" skip="0" id="s1" name="EtlVallidation">EtlVallidation</stat>
</suite>
</statistics>
<errors>
</errors>
</robot>
